E, [2014-04-03T14:31:06.624216 #26977] ERROR -- Kitchen: ------Exception-------
E, [2014-04-03T14:31:06.624279 #26977] ERROR -- Kitchen: Class: Kitchen::UserError
E, [2014-04-03T14:31:06.624299 #26977] ERROR -- Kitchen: Message: Kitchen YAML file /Users/loky/Projects/github/broadleaf-component/.kitchen.yml does not exist.
E, [2014-04-03T14:31:06.624313 #26977] ERROR -- Kitchen: ------Backtrace-------
E, [2014-04-03T14:31:06.624325 #26977] ERROR -- Kitchen: /Library/Ruby/Gems/2.0.0/gems/test-kitchen-1.2.1/lib/kitchen/loader/yaml.rb:74:in `read'
E, [2014-04-03T14:31:06.624341 #26977] ERROR -- Kitchen: /Library/Ruby/Gems/2.0.0/gems/test-kitchen-1.2.1/lib/kitchen/config.rb:78:in `data'
E, [2014-04-03T14:31:06.624353 #26977] ERROR -- Kitchen: /Library/Ruby/Gems/2.0.0/gems/test-kitchen-1.2.1/lib/kitchen/config.rb:66:in `suites'
E, [2014-04-03T14:31:06.624366 #26977] ERROR -- Kitchen: /Library/Ruby/Gems/2.0.0/gems/test-kitchen-1.2.1/lib/kitchen/config.rb:90:in `filter_instances'
E, [2014-04-03T14:31:06.624387 #26977] ERROR -- Kitchen: /Library/Ruby/Gems/2.0.0/gems/test-kitchen-1.2.1/lib/kitchen/config.rb:72:in `build_instances'
E, [2014-04-03T14:31:06.624399 #26977] ERROR -- Kitchen: /Library/Ruby/Gems/2.0.0/gems/test-kitchen-1.2.1/lib/kitchen/config.rb:52:in `instances'
E, [2014-04-03T14:31:06.624411 #26977] ERROR -- Kitchen: /Library/Ruby/Gems/2.0.0/gems/test-kitchen-1.2.1/lib/kitchen/command.rb:64:in `get_filtered_instances'
E, [2014-04-03T14:31:06.624422 #26977] ERROR -- Kitchen: /Library/Ruby/Gems/2.0.0/gems/test-kitchen-1.2.1/lib/kitchen/command.rb:85:in `parse_subcommand'
E, [2014-04-03T14:31:06.624434 #26977] ERROR -- Kitchen: /Library/Ruby/Gems/2.0.0/gems/test-kitchen-1.2.1/lib/kitchen/command/list.rb:31:in `call'
E, [2014-04-03T14:31:06.624446 #26977] ERROR -- Kitchen: /Library/Ruby/Gems/2.0.0/gems/test-kitchen-1.2.1/lib/kitchen/cli.rb:47:in `perform'
E, [2014-04-03T14:31:06.624460 #26977] ERROR -- Kitchen: /Library/Ruby/Gems/2.0.0/gems/test-kitchen-1.2.1/lib/kitchen/cli.rb:81:in `list'
E, [2014-04-03T14:31:06.624471 #26977] ERROR -- Kitchen: /Library/Ruby/Gems/2.0.0/gems/thor-0.19.1/lib/thor/command.rb:27:in `run'
E, [2014-04-03T14:31:06.624483 #26977] ERROR -- Kitchen: /Library/Ruby/Gems/2.0.0/gems/thor-0.19.1/lib/thor/invocation.rb:126:in `invoke_command'
E, [2014-04-03T14:31:06.624495 #26977] ERROR -- Kitchen: /Library/Ruby/Gems/2.0.0/gems/test-kitchen-1.2.1/lib/kitchen/cli.rb:233:in `invoke_task'
E, [2014-04-03T14:31:06.624506 #26977] ERROR -- Kitchen: /Library/Ruby/Gems/2.0.0/gems/thor-0.19.1/lib/thor.rb:359:in `dispatch'
E, [2014-04-03T14:31:06.624518 #26977] ERROR -- Kitchen: /Library/Ruby/Gems/2.0.0/gems/thor-0.19.1/lib/thor/base.rb:440:in `start'
E, [2014-04-03T14:31:06.624529 #26977] ERROR -- Kitchen: /Library/Ruby/Gems/2.0.0/gems/test-kitchen-1.2.1/bin/kitchen:13:in `block in <top (required)>'
E, [2014-04-03T14:31:06.624541 #26977] ERROR -- Kitchen: /Library/Ruby/Gems/2.0.0/gems/test-kitchen-1.2.1/lib/kitchen/errors.rb:81:in `with_friendly_errors'
E, [2014-04-03T14:31:06.624553 #26977] ERROR -- Kitchen: /Library/Ruby/Gems/2.0.0/gems/test-kitchen-1.2.1/bin/kitchen:13:in `<top (required)>'
E, [2014-04-03T14:31:06.624566 #26977] ERROR -- Kitchen: /usr/bin/kitchen:23:in `load'
E, [2014-04-03T14:31:06.624578 #26977] ERROR -- Kitchen: /usr/bin/kitchen:23:in `<main>'
E, [2014-04-03T14:31:06.624590 #26977] ERROR -- Kitchen: ----------------------
